<?xml version="1.0" encoding="UTF-8"?>
<testsuite name="com.cherbini.gradle.todo.TodoItemTest" tests="1" skipped="0" failures="0" errors="0" timestamp="2019-01-08T15:27:50" hostname="DESKTOP-956MVC3" time="0.002">
  <properties/>
  <testcase name="testItem" classname="com.cherbini.gradle.todo.TodoItemTest" time="0.002"/>
  <system-out><![CDATA[]]></system-out>
  <system-err><![CDATA[]]></system-err>
</testsuite>
